
--------  verify_login_with_valid_data  --------

[09:10:37.274] [INFO] CHROME is launched
[09:10:38.349] [INFO] Browser is maximised
[09:10:44.089] [INFO] Navigated to https://opensource-demo.orangehrmlive.com/
[09:10:45.115] [INFO] Implicit wait set to 5 seconds
[09:10:46.192] [INFO] Locator used : xpath=//H5[.='Login']
[09:10:46.250] [INFO] Login text is displayed
[09:10:47.289] [INFO] Locator used : xpath=//INPUT[normalize-space(@placeholder)='Username']
[09:10:47.389] [INFO] Entered Admin into Username textfield
[09:10:48.449] [INFO] Locator used : xpath=//INPUT[normalize-space(@placeholder)='Password']
[09:10:48.610] [INFO] Entered admin123 into Password textfield
[09:10:49.655] [INFO] Locator used : xpath=//BUTTON[normalize-space(.)='Login']
[09:10:49.790] [INFO] clicked on Login button
[09:10:51.519] [INFO] Locator used : xpath=//H6[.='Dashboard']
[09:10:51.545] [INFO] Dashboard text is displayed
[09:10:53.190] [INFO] Browser is closed

--------  verify_login_with_invalid_data  --------

[09:10:55.293] [INFO] CHROME is launched
[09:10:56.370] [INFO] Browser is maximised
[09:11:01.733] [INFO] Navigated to https://opensource-demo.orangehrmlive.com/
[09:11:02.737] [INFO] Implicit wait set to 5 seconds
[09:11:03.803] [INFO] Locator used : xpath=//H5[.='Login']
[09:11:03.833] [INFO] Login text is displayed
[09:11:04.861] [INFO] Locator used : xpath=//INPUT[normalize-space(@placeholder)='Username']
[09:11:04.966] [INFO] Entered Admin into Username textfield
[09:11:06.013] [INFO] Locator used : xpath=//INPUT[normalize-space(@placeholder)='Password']
[09:11:06.157] [INFO] Entered admin into Password textfield
[09:11:07.192] [INFO] Locator used : xpath=//BUTTON[normalize-space(.)='Login']
[09:11:07.348] [INFO] clicked on Login button
[09:11:09.000] [INFO] Locator used : xpath=//P[.='Invalid credentials']
[09:11:09.036] [INFO] Invalid credentials text is displayed
[09:11:10.360] [INFO] Browser is closed

--------  verify_login_without_data  --------

[09:11:12.444] [INFO] CHROME is launched
[09:11:13.494] [INFO] Browser is maximised
[09:11:18.460] [INFO] Navigated to https://opensource-demo.orangehrmlive.com/
[09:11:19.475] [INFO] Implicit wait set to 5 seconds
[09:11:20.516] [INFO] Locator used : xpath=//H5[.='Login']
[09:11:20.532] [INFO] Login text is displayed
[09:11:21.586] [INFO] Locator used : xpath=//BUTTON[normalize-space(.)='Login']
[09:11:21.720] [INFO] clicked on Login button
[09:11:22.786] [INFO] Locator used : xpath=//DIV[DIV[LABEL[.='Username']]]/descendant::SPAN[.='Required']
[09:11:22.806] [INFO] Username Required text is displayed
[09:11:23.843] [INFO] Locator used : xpath=//LABEL[.='Password']/following::SPAN[.='Required']
[09:11:23.859] [INFO] Password Required text is displayed
[09:11:25.223] [INFO] Browser is closed

--------  verify_add_employee_without_credentials  --------

[09:11:27.292] [INFO] CHROME is launched
[09:11:27.344] [INFO] Browser is maximised
[09:11:31.555] [INFO] Navigated to https://opensource-demo.orangehrmlive.com/
[09:11:31.560] [INFO] Implicit wait set to 5 seconds
[09:11:32.269] [INFO] Locator used : xpath=//H5[.='Login']
[09:11:32.301] [INFO] Login text is displayed
[09:11:32.344] [INFO] Locator used : xpath=//INPUT[normalize-space(@placeholder)='Username']
[09:11:32.444] [INFO] Entered Admin into Username textfield
[09:11:32.476] [INFO] Locator used : xpath=//INPUT[normalize-space(@placeholder)='Password']
[09:11:32.627] [INFO] Entered admin123 into Password textfield
[09:11:32.661] [INFO] Locator used : xpath=//BUTTON[normalize-space(.)='Login']
[09:11:32.807] [INFO] clicked on Login button
[09:11:34.636] [INFO] Locator used : xpath=//H6[.='Dashboard']
[09:11:34.674] [INFO] Dashboard text is displayed
[09:11:34.720] [INFO] Locator used : xpath=//A[@href='/web/index.php/pim/viewPimModule']
[09:11:36.002] [INFO] clicked on PIM link
[09:11:36.495] [INFO] Locator used : xpath=//H6[.='PIM']
[09:11:36.530] [INFO] PIM text is displayed
[09:11:36.559] [INFO] Locator used : xpath=//A[normalize-space(.)='Add Employee']
[09:11:37.210] [INFO] clicked on Add Employee link
[09:11:37.757] [INFO] Locator used : xpath=//H6[.='Add Employee']
[09:11:37.790] [INFO] Add Employee text is displayed
[09:11:37.822] [INFO] Locator used : xpath=//INPUT[normalize-space(@placeholder)='First Name']
[09:11:37.982] [INFO] Entered Demo into First Name textfield
[09:11:38.024] [INFO] Locator used : xpath=//INPUT[normalize-space(@placeholder)='Middle Name']
[09:11:38.172] [INFO] Entered Test into Middle Name textfield
[09:11:38.211] [INFO] Locator used : xpath=//INPUT[normalize-space(@placeholder)='Last Name']
[09:11:38.339] [INFO] Entered User into Last Name textfield
[09:11:38.384] [INFO] Locator used : xpath=//DIV[contains(@class,'oxd-input-group oxd-input-field-bottom-space')]/descendant-or-self::INPUT[@class='oxd-input oxd-input--active']
[09:11:38.499] [INFO] Entered 1234 into EmployeeID textfield
[09:11:38.529] [INFO] Locator used : xpath=//BUTTON[normalize-space(.)='Save']
[09:11:38.681] [INFO] clicked on Save button
[09:11:40.068] [INFO] Locator used : xpath=//P[.='Successfully Saved']
[09:11:40.104] [INFO] Successfully Saved text is displayed
[09:11:43.677] [INFO] Locator used : xpath=//H6[.='Personal Details']
[09:11:43.705] [INFO] Personal Details text is displayed
[09:11:44.063] [INFO] Browser is closed
