
--------  verify_login_with_valid_data  --------

[09:00:33.036] [INFO] CHROME is launched
[09:00:34.109] [INFO] Browser is maximised
[09:00:44.237] [INFO] Navigated to https://opensource-demo.orangehrmlive.com/
[09:00:45.256] [INFO] Implicit wait set to 5 seconds
[09:00:46.326] [INFO] Locator used : xpath=//H5[.='Login']
[09:00:46.376] [INFO] Login text is displayed
[09:00:47.432] [INFO] Locator used : xpath=//INPUT[normalize-space(@placeholder)='Username']
[09:00:47.549] [INFO] Entered Admin into Username textfield
[09:00:48.595] [INFO] Locator used : xpath=//INPUT[normalize-space(@placeholder)='Password']
[09:00:48.751] [INFO] Entered admin123 into Password textfield
[09:00:49.778] [INFO] Locator used : xpath=//BUTTON[normalize-space(.)='Login']
[09:00:49.938] [INFO] clicked on Login button
[09:00:52.458] [INFO] Locator used : xpath=//H6[.='Dashboard']
[09:00:52.497] [INFO] Dashboard text is displayed
[09:00:53.880] [INFO] Browser is closed

--------  verify_login_with_invalid_data  --------

[09:00:56.065] [INFO] CHROME is launched
[09:00:57.133] [INFO] Browser is maximised
[09:01:10.403] [INFO] Navigated to https://opensource-demo.orangehrmlive.com/
[09:01:11.415] [INFO] Implicit wait set to 5 seconds
[09:01:12.466] [INFO] Locator used : xpath=//H5[.='Login']
[09:01:12.510] [INFO] Login text is displayed
[09:01:13.568] [INFO] Locator used : xpath=//INPUT[normalize-space(@placeholder)='Username']
[09:01:13.730] [INFO] Entered Admin into Username textfield
[09:01:14.781] [INFO] Locator used : xpath=//INPUT[normalize-space(@placeholder)='Password']
[09:01:14.905] [INFO] Entered admin into Password textfield
[09:01:15.948] [INFO] Locator used : xpath=//BUTTON[normalize-space(.)='Login']
[09:01:16.110] [INFO] clicked on Login button
[09:01:17.743] [INFO] Locator used : xpath=//P[.='Invalid credentials']
[09:01:17.779] [INFO] Invalid credentials text is displayed
[09:01:19.080] [INFO] Browser is closed

--------  verify_login_without_data  --------

[09:01:21.262] [INFO] CHROME is launched
[09:01:22.348] [INFO] Browser is maximised
[09:01:30.615] [INFO] Navigated to https://opensource-demo.orangehrmlive.com/
[09:01:31.628] [INFO] Implicit wait set to 5 seconds
[09:01:32.674] [INFO] Locator used : xpath=//H5[.='Login']
[09:01:32.708] [INFO] Login text is displayed
[09:01:33.751] [INFO] Locator used : xpath=//BUTTON[normalize-space(.)='Login']
[09:01:33.890] [INFO] clicked on Login button
[09:01:34.931] [INFO] Locator used : xpath=//DIV[DIV[LABEL[.='Username']]]/descendant::SPAN[.='Required']
[09:01:34.963] [INFO] Username Required text is displayed
[09:01:36.008] [INFO] Locator used : xpath=//LABEL[.='Password']/following::SPAN[.='Required']
[09:01:36.039] [INFO] Password Required text is displayed
[09:01:37.337] [INFO] Browser is closed

--------  verify_add_employee_without_credentials  --------

[09:01:39.366] [INFO] CHROME is launched
[09:01:39.407] [INFO] Browser is maximised
[09:01:49.864] [INFO] Navigated to https://opensource-demo.orangehrmlive.com/
[09:01:49.870] [INFO] Implicit wait set to 5 seconds
[09:01:50.968] [INFO] Locator used : xpath=//H5[.='Login']
[09:01:51.009] [INFO] Login text is displayed
[09:01:51.055] [INFO] Locator used : xpath=//INPUT[normalize-space(@placeholder)='Username']
[09:01:51.143] [INFO] Entered Admin into Username textfield
[09:01:51.198] [INFO] Locator used : xpath=//INPUT[normalize-space(@placeholder)='Password']
[09:01:51.331] [INFO] Entered admin123 into Password textfield
[09:01:51.379] [INFO] Locator used : xpath=//BUTTON[normalize-space(.)='Login']
[09:01:51.509] [INFO] clicked on Login button
[09:01:53.609] [INFO] Locator used : xpath=//H6[.='Dashboard']
[09:01:53.633] [INFO] Dashboard text is displayed
[09:01:53.671] [INFO] Locator used : xpath=//A[@href='/web/index.php/pim/viewPimModule']
[09:01:54.974] [INFO] clicked on PIM link
[09:01:55.433] [INFO] Locator used : xpath=//H6[.='PIM']
[09:01:55.463] [INFO] PIM text is displayed
[09:01:55.490] [INFO] Locator used : xpath=//A[normalize-space(.)='Add Employee']
[09:01:56.054] [INFO] clicked on Add Employee link
[09:01:56.535] [INFO] Locator used : xpath=//H6[.='Add Employee']
[09:01:56.569] [INFO] Add Employee text is displayed
[09:01:56.607] [INFO] Locator used : xpath=//INPUT[normalize-space(@placeholder)='First Name']
[09:01:56.794] [INFO] Entered Demo into First Name textfield
[09:01:56.829] [INFO] Locator used : xpath=//INPUT[normalize-space(@placeholder)='Middle Name']
[09:01:56.996] [INFO] Entered Test into Middle Name textfield
[09:01:57.029] [INFO] Locator used : xpath=//INPUT[normalize-space(@placeholder)='Last Name']
[09:01:57.157] [INFO] Entered User into Last Name textfield
[09:01:57.196] [INFO] Locator used : xpath=//DIV[contains(@class,'oxd-input-group oxd-input-field-bottom-space')]/descendant-or-self::INPUT[@class='oxd-input oxd-input--active']
[09:01:57.329] [INFO] Entered 1234 into EmployeeID textfield
[09:01:57.362] [INFO] Locator used : xpath=//BUTTON[normalize-space(.)='Save']
[09:01:57.482] [INFO] clicked on Save button
[09:01:58.730] [INFO] Locator used : xpath=//P[.='Successfully Saved']
[09:01:58.768] [INFO] Successfully Saved text is displayed
[09:02:02.262] [INFO] Locator used : xpath=//H6[.='Personal Details']
[09:02:02.301] [INFO] Personal Details text is displayed
[09:02:02.643] [INFO] Browser is closed
